<?xml version="1.0" encoding="UTF-8"?>
<!-- Generated by org.testng.reporters.JUnitReportReporter -->
<testsuite hostname="ESLLAP-2316" failures="0" tests="1" name="Academy.validateNavigationBar" time="0.068" errors="0" timestamp="2022-07-21T20:00:52 IST" skipped="0">
  <testcase classname="Academy.validateNavigationBar" name="validateAppNavBar" time="0.068"/>
  <system-out/>
</testsuite> <!-- Academy.validateNavigationBar -->
