<?xml version="1.0" encoding="UTF-8"?>
<!-- Generated by org.testng.reporters.JUnitReportReporter -->
<testsuite hostname="ESLLAP-2316" name="Academy.ChallengingDomPage" tests="10" failures="0" timestamp="25 Jul 2022 09:37:31 GMT" time="144.611" errors="0">
  <testcase name="ValidateParagraphText" time="0.135" classname="Academy.ChallengingDomPage"/>
  <testcase name="VerifyElementalSelenium" time="7.154" classname="Academy.ChallengingDomPage"/>
  <testcase name="ListTableData" time="11.086" classname="Academy.ChallengingDomPage"/>
  <testcase name="VerifyButton" time="0.255" classname="Academy.ChallengingDomPage"/>
  <testcase name="TestCanvas" time="35.327" classname="Academy.ChallengingDomPage"/>
  <testcase name="ValidateBlueButton" time="86.064" classname="Academy.ChallengingDomPage"/>
  <testcase name="NoofRowsandColumn" time="0.047" classname="Academy.ChallengingDomPage"/>
  <testcase name="ValidateEditButton" time="2.225" classname="Academy.ChallengingDomPage"/>
  <testcase name="ValidateDeleteButton" time="2.244" classname="Academy.ChallengingDomPage"/>
  <testcase name="validateAppTitle" time="0.074" classname="Academy.ChallengingDomPage"/>
</testsuite> <!-- Academy.ChallengingDomPage -->
